<?xml version="1.0" encoding="UTF-8"?>
<!-- Generated by org.testng.reporters.JUnitReportReporter -->
<testsuite skipped="0" hostname="GDC-NitinTh-LPT" name="com.qa.TestScript.Demo" tests="3" failures="0" timestamp="17 Dec 2019 06:24:14 GMT" time="0.012" errors="0">
  <testcase name="run3" time="0.002" classname="com.qa.TestScript.Demo"/>
  <testcase name="run" time="0.008" classname="com.qa.TestScript.Demo"/>
  <testcase name="run2" time="0.002" classname="com.qa.TestScript.Demo"/>
</testsuite> <!-- com.qa.TestScript.Demo -->
