<?xml version="1.0" encoding="UTF-8"?>
<!-- Generated by org.testng.reporters.JUnitReportReporter -->
<testsuite skipped="3" hostname="GDC-NitinTh-LPT" name="com.qa.testscript.Demo2" tests="3" failures="0" timestamp="06 Jan 2020 07:32:36 GMT" time="0.000" errors="0">
  <testcase name="TC_LA_01" time="0.000" classname="com.qa.testscript.Demo2">
    <skipped/>
  </testcase> <!-- TC_LA_01 -->
  <testcase name="run3" time="0.000" classname="com.qa.testscript.Demo2">
    <skipped/>
  </testcase> <!-- run3 -->
  <testcase name="run2" time="0.000" classname="com.qa.testscript.Demo2">
    <skipped/>
  </testcase> <!-- run2 -->
</testsuite> <!-- com.qa.testscript.Demo2 -->
